1665838713208	geckodriver	INFO	Listening on 127.0.0.1:55881
1665838713619	mozrunner::runner	INFO	Running command: "/Applications/Firefox.app/Contents/MacOS/firefox-bin" "--marionette" "--remote-debugging-port" "55882" "--remote-allow-hosts" "localhost" "-foreground" "-no-remote" "-profile" "/var/folders/m7/368g6v5d01g4x7brwcqrgvg40000gn/T/rust_mozprofileHZYGOA"
2022-10-15 19:58:34.371 plugin-container[45481:949449] nil host used in call to allowsSpecificHTTPSCertificateForHost
2022-10-15 19:58:34.371 plugin-container[45481:949449] nil host used in call to allowsAnyHTTPSCertificateForHost:
1665838714395	Marionette	INFO	Marionette enabled
2022-10-15 19:58:34.412 plugin-container[45481:949449] nil host used in call to allowsSpecificHTTPSCertificateForHost
2022-10-15 19:58:34.412 plugin-container[45481:949449] nil host used in call to allowsAnyHTTPSCertificateForHost:
2022-10-15 19:58:34.413 plugin-container[45481:949455] nil host used in call to allowsSpecificHTTPSCertificateForHost
2022-10-15 19:58:34.413 plugin-container[45481:949455] nil host used in call to allowsAnyHTTPSCertificateForHost:
1665838714448	Marionette	INFO	Listening on port 55892
Read port: 55892
WebDriver BiDi listening on ws://127.0.0.1:55882
1665838714792	RemoteAgent	WARN	TLS certificate errors will be ignored for this session
console.warn: SearchSettings: "get: No settings file exists, new profile?" (new NotFoundError("Could not open the file at /var/folders/m7/368g6v5d01g4x7brwcqrgvg40000gn/T/rust_mozprofileHZYGOA/search.json.mozlz4", (void 0)))
DevTools listening on ws://127.0.0.1:55882/devtools/browser/f134bbba-faf6-4300-ae1a-ff0252305b42
JavaScript error: https://media.ethicalads.io/media/client/v1.4.0/ethicalads.min.js, line 1: Error: No ad placements found.
JavaScript error: resource:///actors/FormValidationChild.jsm, line 183: TypeError: this._element is null
console.warn: LoginRecipes: "Falling back to a synchronous message for: https://www.python.org."
1665838718291	Marionette	INFO	Stopped listening on port 55892
1665838730474	geckodriver	INFO	Listening on 127.0.0.1:55937
1665838730875	mozrunner::runner	INFO	Running command: "/Applications/Firefox.app/Contents/MacOS/firefox-bin" "--marionette" "--remote-debugging-port" "55938" "--remote-allow-hosts" "localhost" "-foreground" "-no-remote" "-profile" "/var/folders/m7/368g6v5d01g4x7brwcqrgvg40000gn/T/rust_mozprofile3eNGql"
2022-10-15 19:58:51.483 plugin-container[45503:949938] nil host used in call to allowsSpecificHTTPSCertificateForHost
2022-10-15 19:58:51.483 plugin-container[45503:949938] nil host used in call to allowsAnyHTTPSCertificateForHost:
2022-10-15 19:58:51.487 plugin-container[45503:949938] nil host used in call to allowsSpecificHTTPSCertificateForHost
2022-10-15 19:58:51.487 plugin-container[45503:949938] nil host used in call to allowsAnyHTTPSCertificateForHost:
2022-10-15 19:58:51.487 plugin-container[45503:949940] nil host used in call to allowsSpecificHTTPSCertificateForHost
2022-10-15 19:58:51.487 plugin-container[45503:949940] nil host used in call to allowsAnyHTTPSCertificateForHost:
1665838731501	Marionette	INFO	Marionette enabled
1665838731533	Marionette	INFO	Listening on port 55946
Read port: 55946
WebDriver BiDi listening on ws://127.0.0.1:55938
1665838731912	RemoteAgent	WARN	TLS certificate errors will be ignored for this session
console.warn: SearchSettings: "get: No settings file exists, new profile?" (new NotFoundError("Could not open the file at /var/folders/m7/368g6v5d01g4x7brwcqrgvg40000gn/T/rust_mozprofile3eNGql/search.json.mozlz4", (void 0)))
DevTools listening on ws://127.0.0.1:55938/devtools/browser/be883446-74fb-437a-8438-fa5d43748edb
JavaScript error: https://media.ethicalads.io/media/client/v1.4.0/ethicalads.min.js, line 1: Error: No ad placements found.
JavaScript error: resource:///actors/FormValidationChild.jsm, line 183: TypeError: this._element is null
console.warn: LoginRecipes: "Falling back to a synchronous message for: https://www.python.org."
JavaScript error: https://media.ethicalads.io/media/client/v1.4.0/ethicalads.min.js, line 1: Error: No ad placements found.
JavaScript error: resource:///actors/FormValidationChild.jsm, line 183: TypeError: this._element is null
1665839012753	Marionette	INFO	Stopped listening on port 55946
console.warn: TopSitesFeed: Failed to fetch data from Contile server: NetworkError when attempting to fetch resource.
1665839195986	geckodriver	INFO	Listening on 127.0.0.1:56971
1665839196369	mozrunner::runner	INFO	Running command: "/Applications/Firefox.app/Contents/MacOS/firefox-bin" "--marionette" "--remote-debugging-port" "56972" "--remote-allow-hosts" "localhost" "-foreground" "-no-remote" "-profile" "/var/folders/m7/368g6v5d01g4x7brwcqrgvg40000gn/T/rust_mozprofilegLbhHM"
2022-10-15 20:06:36.971 plugin-container[45762:958106] nil host used in call to allowsSpecificHTTPSCertificateForHost
2022-10-15 20:06:36.972 plugin-container[45762:958106] nil host used in call to allowsAnyHTTPSCertificateForHost:
2022-10-15 20:06:36.992 plugin-container[45762:958106] nil host used in call to allowsSpecificHTTPSCertificateForHost
2022-10-15 20:06:36.992 plugin-container[45762:958106] nil host used in call to allowsAnyHTTPSCertificateForHost:
2022-10-15 20:06:36.992 plugin-container[45762:958130] nil host used in call to allowsSpecificHTTPSCertificateForHost
2022-10-15 20:06:36.992 plugin-container[45762:958130] nil host used in call to allowsAnyHTTPSCertificateForHost:
1665839197003	Marionette	INFO	Marionette enabled
1665839197054	Marionette	INFO	Listening on port 56980
Read port: 56980
WebDriver BiDi listening on ws://127.0.0.1:56972
1665839197266	RemoteAgent	WARN	TLS certificate errors will be ignored for this session
console.warn: SearchSettings: "get: No settings file exists, new profile?" (new NotFoundError("Could not open the file at /var/folders/m7/368g6v5d01g4x7brwcqrgvg40000gn/T/rust_mozprofilegLbhHM/search.json.mozlz4", (void 0)))
DevTools listening on ws://127.0.0.1:56972/devtools/browser/ff29fa05-fd7b-4f37-a40c-964c97fb3b30
JavaScript error: https://media.ethicalads.io/media/client/v1.4.0/ethicalads.min.js, line 1: Error: No ad placements found.
JavaScript error: resource:///actors/FormValidationChild.jsm, line 183: TypeError: this._element is null
console.warn: LoginRecipes: "Falling back to a synchronous message for: https://www.python.org."
JavaScript error: https://media.ethicalads.io/media/client/v1.4.0/ethicalads.min.js, line 1: Error: No ad placements found.
JavaScript error: resource:///actors/FormValidationChild.jsm, line 183: TypeError: this._element is null
1665839222614	Marionette	INFO	Stopped listening on port 56980
JavaScript error: chrome://remote/content/marionette/cert.js, line 57: NS_ERROR_NOT_AVAILABLE: Component returned failure code: 0x80040111 (NS_ERROR_NOT_AVAILABLE) [nsICertOverrideService.setDisableAllSecurityChecksAndLetAttackersInterceptMyData]
!!! error running onStopped callback: TypeError: callback is not a function
1665839222721	RemoteAgent	ERROR	unable to stop listener: [Exception... "Component returned failure code: 0x80040111 (NS_ERROR_NOT_AVAILABLE) [nsICertOverrideService.setDisableAllSecurityChecksAndLetAttackersInterceptMyData]"  nsresult: "0x80040111 (NS_ERROR_NOT_AVAILABLE)"  location: "JS frame :: chrome://remote/content/marionette/cert.js :: allowAllCerts.disable :: line 57"  data: no] Stack trace: allowAllCerts.disable()@cert.js:57
destroy()@Session.jsm:206
deleteSession()@WebDriverBiDi.jsm:148
stop()@WebDriverBiDi.jsm:227
1665839273017	geckodriver	INFO	Listening on 127.0.0.1:57264
1665839273421	mozrunner::runner	INFO	Running command: "/Applications/Firefox.app/Contents/MacOS/firefox-bin" "--marionette" "--remote-debugging-port" "57265" "--remote-allow-hosts" "localhost" "-foreground" "-no-remote" "-profile" "/var/folders/m7/368g6v5d01g4x7brwcqrgvg40000gn/T/rust_mozprofileT8cgQv"
2022-10-15 20:07:54.029 plugin-container[45845:959846] nil host used in call to allowsSpecificHTTPSCertificateForHost
2022-10-15 20:07:54.030 plugin-container[45845:959846] nil host used in call to allowsAnyHTTPSCertificateForHost:
2022-10-15 20:07:54.033 plugin-container[45845:959846] nil host used in call to allowsSpecificHTTPSCertificateForHost
2022-10-15 20:07:54.033 plugin-container[45845:959846] nil host used in call to allowsAnyHTTPSCertificateForHost:
2022-10-15 20:07:54.034 plugin-container[45845:959844] nil host used in call to allowsSpecificHTTPSCertificateForHost
2022-10-15 20:07:54.034 plugin-container[45845:959844] nil host used in call to allowsAnyHTTPSCertificateForHost:
1665839274056	Marionette	INFO	Marionette enabled
1665839274141	Marionette	INFO	Listening on port 57274
Read port: 57274
WebDriver BiDi listening on ws://127.0.0.1:57265
1665839274399	RemoteAgent	WARN	TLS certificate errors will be ignored for this session
console.warn: SearchSettings: "get: No settings file exists, new profile?" (new NotFoundError("Could not open the file at /var/folders/m7/368g6v5d01g4x7brwcqrgvg40000gn/T/rust_mozprofileT8cgQv/search.json.mozlz4", (void 0)))
DevTools listening on ws://127.0.0.1:57265/devtools/browser/5505f247-148e-4c13-8db3-3a505a838cb9
JavaScript error: https://media.ethicalads.io/media/client/v1.4.0/ethicalads.min.js, line 1: Error: No ad placements found.
JavaScript error: resource:///actors/FormValidationChild.jsm, line 183: TypeError: this._element is null
console.warn: LoginRecipes: "Falling back to a synchronous message for: https://www.python.org."
JavaScript error: https://media.ethicalads.io/media/client/v1.4.0/ethicalads.min.js, line 1: Error: No ad placements found.
JavaScript error: resource:///actors/FormValidationChild.jsm, line 183: TypeError: this._element is null
1665839320587	geckodriver	INFO	Listening on 127.0.0.1:57620
1665839321001	mozrunner::runner	INFO	Running command: "/Applications/Firefox.app/Contents/MacOS/firefox-bin" "--marionette" "--remote-debugging-port" "57621" "--remote-allow-hosts" "localhost" "-foreground" "-no-remote" "-profile" "/var/folders/m7/368g6v5d01g4x7brwcqrgvg40000gn/T/rust_mozprofileB61m9v"
2022-10-15 20:08:41.490 plugin-container[45905:961211] nil host used in call to allowsSpecificHTTPSCertificateForHost
2022-10-15 20:08:41.490 plugin-container[45905:961211] nil host used in call to allowsAnyHTTPSCertificateForHost:
2022-10-15 20:08:41.494 plugin-container[45905:961211] nil host used in call to allowsSpecificHTTPSCertificateForHost
2022-10-15 20:08:41.494 plugin-container[45905:961211] nil host used in call to allowsAnyHTTPSCertificateForHost:
2022-10-15 20:08:41.494 plugin-container[45905:961217] nil host used in call to allowsSpecificHTTPSCertificateForHost
2022-10-15 20:08:41.494 plugin-container[45905:961217] nil host used in call to allowsAnyHTTPSCertificateForHost:
1665839321502	Marionette	INFO	Marionette enabled
1665839321532	Marionette	INFO	Listening on port 57630
Read port: 57630
WebDriver BiDi listening on ws://127.0.0.1:57621
1665839321851	RemoteAgent	WARN	TLS certificate errors will be ignored for this session
console.warn: SearchSettings: "get: No settings file exists, new profile?" (new NotFoundError("Could not open the file at /var/folders/m7/368g6v5d01g4x7brwcqrgvg40000gn/T/rust_mozprofileB61m9v/search.json.mozlz4", (void 0)))
DevTools listening on ws://127.0.0.1:57621/devtools/browser/0e55e057-00c4-4c78-82de-11719e2a7eb6
JavaScript error: https://media.ethicalads.io/media/client/v1.4.0/ethicalads.min.js, line 1: Error: No ad placements found.
JavaScript error: resource:///actors/FormValidationChild.jsm, line 183: TypeError: this._element is null
console.warn: LoginRecipes: "Falling back to a synchronous message for: https://www.python.org."
JavaScript error: https://media.ethicalads.io/media/client/v1.4.0/ethicalads.min.js, line 1: Error: No ad placements found.
JavaScript error: resource:///actors/FormValidationChild.jsm, line 183: TypeError: this._element is null
1665839328113	Marionette	INFO	Stopped listening on port 57274
1665839348348	Marionette	INFO	Stopped listening on port 57630
1665839353381	geckodriver	INFO	Listening on 127.0.0.1:57881
1665839353801	mozrunner::runner	INFO	Running command: "/Applications/Firefox.app/Contents/MacOS/firefox-bin" "--marionette" "--remote-debugging-port" "57882" "--remote-allow-hosts" "localhost" "-foreground" "-no-remote" "-profile" "/var/folders/m7/368g6v5d01g4x7brwcqrgvg40000gn/T/rust_mozprofileFiMApl"
2022-10-15 20:09:14.273 plugin-container[45933:961940] nil host used in call to allowsSpecificHTTPSCertificateForHost
2022-10-15 20:09:14.273 plugin-container[45933:961940] nil host used in call to allowsAnyHTTPSCertificateForHost:
2022-10-15 20:09:14.278 plugin-container[45933:961940] nil host used in call to allowsSpecificHTTPSCertificateForHost
2022-10-15 20:09:14.278 plugin-container[45933:961940] nil host used in call to allowsAnyHTTPSCertificateForHost:
2022-10-15 20:09:14.278 plugin-container[45933:961947] nil host used in call to allowsSpecificHTTPSCertificateForHost
2022-10-15 20:09:14.278 plugin-container[45933:961947] nil host used in call to allowsAnyHTTPSCertificateForHost:
1665839354285	Marionette	INFO	Marionette enabled
1665839354313	Marionette	INFO	Listening on port 57891
Read port: 57891
WebDriver BiDi listening on ws://127.0.0.1:57882
1665839354540	RemoteAgent	WARN	TLS certificate errors will be ignored for this session
console.warn: SearchSettings: "get: No settings file exists, new profile?" (new NotFoundError("Could not open the file at /var/folders/m7/368g6v5d01g4x7brwcqrgvg40000gn/T/rust_mozprofileFiMApl/search.json.mozlz4", (void 0)))
DevTools listening on ws://127.0.0.1:57882/devtools/browser/77cfc5ad-63c4-4a1c-9f68-a58d9457be45
JavaScript error: https://media.ethicalads.io/media/client/v1.4.0/ethicalads.min.js, line 1: Error: No ad placements found.
JavaScript error: resource:///actors/FormValidationChild.jsm, line 183: TypeError: this._element is null
console.warn: LoginRecipes: "Falling back to a synchronous message for: https://www.python.org."
JavaScript error: https://media.ethicalads.io/media/client/v1.4.0/ethicalads.min.js, line 1: Error: No ad placements found.
JavaScript error: resource:///actors/FormValidationChild.jsm, line 183: TypeError: this._element is null
1665839375545	geckodriver	INFO	Listening on 127.0.0.1:58091
1665839375961	mozrunner::runner	INFO	Running command: "/Applications/Firefox.app/Contents/MacOS/firefox-bin" "--marionette" "--remote-debugging-port" "58092" "--remote-allow-hosts" "localhost" "-foreground" "-no-remote" "-profile" "/var/folders/m7/368g6v5d01g4x7brwcqrgvg40000gn/T/rust_mozprofilex3bOa5"
2022-10-15 20:09:36.443 plugin-container[45962:962581] nil host used in call to allowsSpecificHTTPSCertificateForHost
2022-10-15 20:09:36.443 plugin-container[45962:962581] nil host used in call to allowsAnyHTTPSCertificateForHost:
2022-10-15 20:09:36.447 plugin-container[45962:962581] nil host used in call to allowsSpecificHTTPSCertificateForHost
2022-10-15 20:09:36.447 plugin-container[45962:962581] nil host used in call to allowsAnyHTTPSCertificateForHost:
2022-10-15 20:09:36.447 plugin-container[45962:962579] nil host used in call to allowsSpecificHTTPSCertificateForHost
2022-10-15 20:09:36.447 plugin-container[45962:962579] nil host used in call to allowsAnyHTTPSCertificateForHost:
1665839376453	Marionette	INFO	Marionette enabled
1665839376483	Marionette	INFO	Listening on port 58109
Read port: 58109
WebDriver BiDi listening on ws://127.0.0.1:58092
1665839376804	RemoteAgent	WARN	TLS certificate errors will be ignored for this session
console.warn: SearchSettings: "get: No settings file exists, new profile?" (new NotFoundError("Could not open the file at /var/folders/m7/368g6v5d01g4x7brwcqrgvg40000gn/T/rust_mozprofilex3bOa5/search.json.mozlz4", (void 0)))
DevTools listening on ws://127.0.0.1:58092/devtools/browser/2589e92f-087c-4bff-9f58-bc2d59d29255
JavaScript error: https://media.ethicalads.io/media/client/v1.4.0/ethicalads.min.js, line 1: Error: No ad placements found.
JavaScript error: resource:///actors/FormValidationChild.jsm, line 183: TypeError: this._element is null
console.warn: LoginRecipes: "Falling back to a synchronous message for: https://www.python.org."
JavaScript error: https://media.ethicalads.io/media/client/v1.4.0/ethicalads.min.js, line 1: Error: No ad placements found.
JavaScript error: resource:///actors/FormValidationChild.jsm, line 183: TypeError: this._element is null
1665839382359	Marionette	INFO	Stopped listening on port 57891
1665839385051	Marionette	INFO	Stopped listening on port 58109
1665839392663	geckodriver	INFO	Listening on 127.0.0.1:58257
1665839393078	mozrunner::runner	INFO	Running command: "/Applications/Firefox.app/Contents/MacOS/firefox-bin" "--marionette" "--remote-debugging-port" "58258" "--remote-allow-hosts" "localhost" "-foreground" "-no-remote" "-profile" "/var/folders/m7/368g6v5d01g4x7brwcqrgvg40000gn/T/rust_mozprofilet38lKx"
2022-10-15 20:09:53.560 plugin-container[45989:963085] nil host used in call to allowsSpecificHTTPSCertificateForHost
2022-10-15 20:09:53.560 plugin-container[45989:963085] nil host used in call to allowsAnyHTTPSCertificateForHost:
2022-10-15 20:09:53.564 plugin-container[45989:963085] nil host used in call to allowsSpecificHTTPSCertificateForHost
2022-10-15 20:09:53.564 plugin-container[45989:963085] nil host used in call to allowsAnyHTTPSCertificateForHost:
2022-10-15 20:09:53.564 plugin-container[45989:963110] nil host used in call to allowsSpecificHTTPSCertificateForHost
2022-10-15 20:09:53.564 plugin-container[45989:963110] nil host used in call to allowsAnyHTTPSCertificateForHost:
1665839393570	Marionette	INFO	Marionette enabled
1665839393601	Marionette	INFO	Listening on port 58268
Read port: 58268
WebDriver BiDi listening on ws://127.0.0.1:58258
1665839393923	RemoteAgent	WARN	TLS certificate errors will be ignored for this session
console.warn: SearchSettings: "get: No settings file exists, new profile?" (new NotFoundError("Could not open the file at /var/folders/m7/368g6v5d01g4x7brwcqrgvg40000gn/T/rust_mozprofilet38lKx/search.json.mozlz4", (void 0)))
DevTools listening on ws://127.0.0.1:58258/devtools/browser/90fea38e-5a70-41ff-ba90-ef531f63a29b
JavaScript error: https://media.ethicalads.io/media/client/v1.4.0/ethicalads.min.js, line 1: Error: No ad placements found.
JavaScript error: resource:///actors/FormValidationChild.jsm, line 183: TypeError: this._element is null
console.warn: LoginRecipes: "Falling back to a synchronous message for: https://www.python.org."
JavaScript error: https://media.ethicalads.io/media/client/v1.4.0/ethicalads.min.js, line 1: Error: No ad placements found.
JavaScript error: resource:///actors/FormValidationChild.jsm, line 183: TypeError: this._element is null
1665839426516	Marionette	INFO	Stopped listening on port 58268
1665839430023	geckodriver	INFO	Listening on 127.0.0.1:58600
1665839430460	mozrunner::runner	INFO	Running command: "/Applications/Firefox.app/Contents/MacOS/firefox-bin" "--marionette" "--remote-debugging-port" "58601" "--remote-allow-hosts" "localhost" "-foreground" "-no-remote" "-profile" "/var/folders/m7/368g6v5d01g4x7brwcqrgvg40000gn/T/rust_mozprofileHZg2bh"
2022-10-15 20:10:30.932 plugin-container[46023:963755] nil host used in call to allowsSpecificHTTPSCertificateForHost
2022-10-15 20:10:30.933 plugin-container[46023:963755] nil host used in call to allowsAnyHTTPSCertificateForHost:
2022-10-15 20:10:30.936 plugin-container[46023:963755] nil host used in call to allowsSpecificHTTPSCertificateForHost
2022-10-15 20:10:30.936 plugin-container[46023:963755] nil host used in call to allowsAnyHTTPSCertificateForHost:
2022-10-15 20:10:30.937 plugin-container[46023:963757] nil host used in call to allowsSpecificHTTPSCertificateForHost
2022-10-15 20:10:30.937 plugin-container[46023:963757] nil host used in call to allowsAnyHTTPSCertificateForHost:
1665839430946	Marionette	INFO	Marionette enabled
1665839430976	Marionette	INFO	Listening on port 58609
Read port: 58609
WebDriver BiDi listening on ws://127.0.0.1:58601
1665839431284	RemoteAgent	WARN	TLS certificate errors will be ignored for this session
console.warn: SearchSettings: "get: No settings file exists, new profile?" (new NotFoundError("Could not open the file at /var/folders/m7/368g6v5d01g4x7brwcqrgvg40000gn/T/rust_mozprofileHZg2bh/search.json.mozlz4", (void 0)))
DevTools listening on ws://127.0.0.1:58601/devtools/browser/9483fa3e-1511-415c-9fd6-d6aa0ce66061
JavaScript error: https://media.ethicalads.io/media/client/v1.4.0/ethicalads.min.js, line 1: Error: No ad placements found.
JavaScript error: resource:///actors/FormValidationChild.jsm, line 183: TypeError: this._element is null
console.warn: LoginRecipes: "Falling back to a synchronous message for: https://www.python.org."
JavaScript error: https://media.ethicalads.io/media/client/v1.4.0/ethicalads.min.js, line 1: Error: No ad placements found.
JavaScript error: resource:///actors/FormValidationChild.jsm, line 183: TypeError: this._element is null
1665839626555	Marionette	INFO	Stopped listening on port 58609
JavaScript error: , line 0: NotFoundError: No such JSWindowActor 'DevToolsFrame'
1665839629333	geckodriver	INFO	Listening on 127.0.0.1:58967
1665839629745	mozrunner::runner	INFO	Running command: "/Applications/Firefox.app/Contents/MacOS/firefox-bin" "--marionette" "--remote-debugging-port" "58968" "--remote-allow-hosts" "localhost" "-foreground" "-no-remote" "-profile" "/var/folders/m7/368g6v5d01g4x7brwcqrgvg40000gn/T/rust_mozprofilekTJxDK"
2022-10-15 20:13:50.215 plugin-container[46076:965467] nil host used in call to allowsSpecificHTTPSCertificateForHost
2022-10-15 20:13:50.215 plugin-container[46076:965467] nil host used in call to allowsAnyHTTPSCertificateForHost:
2022-10-15 20:13:50.219 plugin-container[46076:965467] nil host used in call to allowsSpecificHTTPSCertificateForHost
2022-10-15 20:13:50.219 plugin-container[46076:965467] nil host used in call to allowsAnyHTTPSCertificateForHost:
2022-10-15 20:13:50.219 plugin-container[46076:965474] nil host used in call to allowsSpecificHTTPSCertificateForHost
2022-10-15 20:13:50.219 plugin-container[46076:965474] nil host used in call to allowsAnyHTTPSCertificateForHost:
1665839630231	Marionette	INFO	Marionette enabled
1665839630260	Marionette	INFO	Listening on port 58977
Read port: 58977
WebDriver BiDi listening on ws://127.0.0.1:58968
1665839630578	RemoteAgent	WARN	TLS certificate errors will be ignored for this session
console.warn: SearchSettings: "get: No settings file exists, new profile?" (new NotFoundError("Could not open the file at /var/folders/m7/368g6v5d01g4x7brwcqrgvg40000gn/T/rust_mozprofilekTJxDK/search.json.mozlz4", (void 0)))
DevTools listening on ws://127.0.0.1:58968/devtools/browser/56bafac1-cb08-495f-b954-800633b5feab
JavaScript error: https://media.ethicalads.io/media/client/v1.4.0/ethicalads.min.js, line 1: Error: No ad placements found.
JavaScript error: resource:///actors/FormValidationChild.jsm, line 183: TypeError: this._element is null
console.warn: LoginRecipes: "Falling back to a synchronous message for: https://www.python.org."
JavaScript error: https://media.ethicalads.io/media/client/v1.4.0/ethicalads.min.js, line 1: Error: No ad placements found.
JavaScript error: resource:///actors/FormValidationChild.jsm, line 183: TypeError: this._element is null
1665839648947	Marionette	INFO	Stopped listening on port 58977
1665839651551	geckodriver	INFO	Listening on 127.0.0.1:59168
1665839651972	mozrunner::runner	INFO	Running command: "/Applications/Firefox.app/Contents/MacOS/firefox-bin" "--marionette" "--remote-debugging-port" "59169" "--remote-allow-hosts" "localhost" "-foreground" "-no-remote" "-profile" "/var/folders/m7/368g6v5d01g4x7brwcqrgvg40000gn/T/rust_mozprofilehkB5dc"
2022-10-15 20:14:12.427 plugin-container[46096:965943] nil host used in call to allowsSpecificHTTPSCertificateForHost
2022-10-15 20:14:12.427 plugin-container[46096:965943] nil host used in call to allowsAnyHTTPSCertificateForHost:
2022-10-15 20:14:12.430 plugin-container[46096:965943] nil host used in call to allowsSpecificHTTPSCertificateForHost
2022-10-15 20:14:12.430 plugin-container[46096:965943] nil host used in call to allowsAnyHTTPSCertificateForHost:
2022-10-15 20:14:12.431 plugin-container[46096:965941] nil host used in call to allowsSpecificHTTPSCertificateForHost
2022-10-15 20:14:12.431 plugin-container[46096:965941] nil host used in call to allowsAnyHTTPSCertificateForHost:
1665839652441	Marionette	INFO	Marionette enabled
1665839652469	Marionette	INFO	Listening on port 59178
Read port: 59178
WebDriver BiDi listening on ws://127.0.0.1:59169
1665839652690	RemoteAgent	WARN	TLS certificate errors will be ignored for this session
console.warn: SearchSettings: "get: No settings file exists, new profile?" (new NotFoundError("Could not open the file at /var/folders/m7/368g6v5d01g4x7brwcqrgvg40000gn/T/rust_mozprofilehkB5dc/search.json.mozlz4", (void 0)))
DevTools listening on ws://127.0.0.1:59169/devtools/browser/8407d041-6609-4817-b074-7b718854ce86
JavaScript error: https://media.ethicalads.io/media/client/v1.4.0/ethicalads.min.js, line 1: Error: No ad placements found.
JavaScript error: resource:///actors/FormValidationChild.jsm, line 183: TypeError: this._element is null
console.warn: LoginRecipes: "Falling back to a synchronous message for: https://www.python.org."
JavaScript error: https://media.ethicalads.io/media/client/v1.4.0/ethicalads.min.js, line 1: Error: No ad placements found.
JavaScript error: resource:///actors/FormValidationChild.jsm, line 183: TypeError: this._element is null
1665839729227	Marionette	INFO	Stopped listening on port 59178
1665842305976	geckodriver	INFO	Listening on 127.0.0.1:60488
1665842306383	mozrunner::runner	INFO	Running command: "/Applications/Firefox.app/Contents/MacOS/firefox-bin" "--marionette" "--remote-debugging-port" "60489" "--remote-allow-hosts" "localhost" "-foreground" "-no-remote" "-profile" "/var/folders/m7/368g6v5d01g4x7brwcqrgvg40000gn/T/rust_mozprofilesLY3a8"
2022-10-15 20:58:27.336 plugin-container[46601:988537] nil host used in call to allowsSpecificHTTPSCertificateForHost
2022-10-15 20:58:27.336 plugin-container[46601:988537] nil host used in call to allowsAnyHTTPSCertificateForHost:
1665842307346	Marionette	INFO	Marionette enabled
2022-10-15 20:58:27.390 plugin-container[46601:988537] nil host used in call to allowsSpecificHTTPSCertificateForHost
2022-10-15 20:58:27.390 plugin-container[46601:988537] nil host used in call to allowsAnyHTTPSCertificateForHost:
2022-10-15 20:58:27.391 plugin-container[46601:988564] nil host used in call to allowsSpecificHTTPSCertificateForHost
2022-10-15 20:58:27.392 plugin-container[46601:988564] nil host used in call to allowsAnyHTTPSCertificateForHost:
1665842307413	Marionette	INFO	Listening on port 60507
Read port: 60507
WebDriver BiDi listening on ws://127.0.0.1:60489
1665842307609	RemoteAgent	WARN	TLS certificate errors will be ignored for this session
console.warn: SearchSettings: "get: No settings file exists, new profile?" (new NotFoundError("Could not open the file at /var/folders/m7/368g6v5d01g4x7brwcqrgvg40000gn/T/rust_mozprofilesLY3a8/search.json.mozlz4", (void 0)))
DevTools listening on ws://127.0.0.1:60489/devtools/browser/e6b7ddef-ba1e-4372-a148-78b567bfa42c
JavaScript error: https://media.ethicalads.io/media/client/v1.4.0/ethicalads.min.js, line 1: Error: No ad placements found.
JavaScript error: resource:///actors/FormValidationChild.jsm, line 183: TypeError: this._element is null
1665842918536	geckodriver	INFO	Listening on 127.0.0.1:62807
1665842918951	mozrunner::runner	INFO	Running command: "/Applications/Firefox.app/Contents/MacOS/firefox-bin" "--marionette" "--remote-debugging-port" "62808" "--remote-allow-hosts" "localhost" "-foreground" "-no-remote" "-profile" "/var/folders/m7/368g6v5d01g4x7brwcqrgvg40000gn/T/rust_mozprofileQVsu0T"
2022-10-15 21:08:39.460 plugin-container[46696:993241] nil host used in call to allowsSpecificHTTPSCertificateForHost
2022-10-15 21:08:39.460 plugin-container[46696:993241] nil host used in call to allowsAnyHTTPSCertificateForHost:
1665842919469	Marionette	INFO	Marionette enabled
2022-10-15 21:08:39.485 plugin-container[46696:993241] nil host used in call to allowsSpecificHTTPSCertificateForHost
2022-10-15 21:08:39.496 plugin-container[46696:993241] nil host used in call to allowsAnyHTTPSCertificateForHost:
2022-10-15 21:08:39.496 plugin-container[46696:993246] nil host used in call to allowsSpecificHTTPSCertificateForHost
2022-10-15 21:08:39.496 plugin-container[46696:993246] nil host used in call to allowsAnyHTTPSCertificateForHost:
1665842919514	Marionette	INFO	Listening on port 62821
Read port: 62821
WebDriver BiDi listening on ws://127.0.0.1:62808
1665842919835	RemoteAgent	WARN	TLS certificate errors will be ignored for this session
console.warn: SearchSettings: "get: No settings file exists, new profile?" (new NotFoundError("Could not open the file at /var/folders/m7/368g6v5d01g4x7brwcqrgvg40000gn/T/rust_mozprofileQVsu0T/search.json.mozlz4", (void 0)))
DevTools listening on ws://127.0.0.1:62808/devtools/browser/5fb6752c-cb75-4ffe-a132-25f702052301
JavaScript error: https://media.ethicalads.io/media/client/v1.4.0/ethicalads.min.js, line 1: Error: No ad placements found.
JavaScript error: resource:///actors/FormValidationChild.jsm, line 183: TypeError: this._element is null
1665842947285	Marionette	INFO	Stopped listening on port 62821
1665842950304	Marionette	INFO	Stopped listening on port 60507
1665843147189	geckodriver	INFO	Listening on 127.0.0.1:63965
1665843147607	mozrunner::runner	INFO	Running command: "/Applications/Firefox.app/Contents/MacOS/firefox-bin" "--marionette" "--remote-debugging-port" "63966" "--remote-allow-hosts" "localhost" "-foreground" "-no-remote" "-profile" "/var/folders/m7/368g6v5d01g4x7brwcqrgvg40000gn/T/rust_mozprofile48VxYl"
2022-10-15 21:12:28.093 plugin-container[46749:995159] nil host used in call to allowsSpecificHTTPSCertificateForHost
2022-10-15 21:12:28.094 plugin-container[46749:995159] nil host used in call to allowsAnyHTTPSCertificateForHost:
2022-10-15 21:12:28.097 plugin-container[46749:995159] nil host used in call to allowsSpecificHTTPSCertificateForHost
2022-10-15 21:12:28.097 plugin-container[46749:995159] nil host used in call to allowsAnyHTTPSCertificateForHost:
2022-10-15 21:12:28.097 plugin-container[46749:995168] nil host used in call to allowsSpecificHTTPSCertificateForHost
2022-10-15 21:12:28.097 plugin-container[46749:995168] nil host used in call to allowsAnyHTTPSCertificateForHost:
1665843148108	Marionette	INFO	Marionette enabled
1665843148137	Marionette	INFO	Listening on port 63979
Read port: 63979
WebDriver BiDi listening on ws://127.0.0.1:63966
1665843148455	RemoteAgent	WARN	TLS certificate errors will be ignored for this session
console.warn: SearchSettings: "get: No settings file exists, new profile?" (new NotFoundError("Could not open the file at /var/folders/m7/368g6v5d01g4x7brwcqrgvg40000gn/T/rust_mozprofile48VxYl/search.json.mozlz4", (void 0)))
DevTools listening on ws://127.0.0.1:63966/devtools/browser/48456063-569f-45fe-a2a0-2ea7900537d9
JavaScript error: https://media.ethicalads.io/media/client/v1.4.0/ethicalads.min.js, line 1: Error: No ad placements found.
JavaScript error: resource:///actors/FormValidationChild.jsm, line 183: TypeError: this._element is null
JavaScript error: https://media.ethicalads.io/media/client/v1.4.0/ethicalads.min.js, line 1: Error: No ad placements found.
JavaScript error: resource:///actors/FormValidationChild.jsm, line 183: TypeError: this._element is null
1665843176681	Marionette	INFO	Stopped listening on port 63979
1665843218821	geckodriver	INFO	Listening on 127.0.0.1:64575
1665843219232	mozrunner::runner	INFO	Running command: "/Applications/Firefox.app/Contents/MacOS/firefox-bin" "--marionette" "--remote-debugging-port" "64576" "--remote-allow-hosts" "localhost" "-foreground" "-no-remote" "-profile" "/var/folders/m7/368g6v5d01g4x7brwcqrgvg40000gn/T/rust_mozprofileY8eBZ9"
2022-10-15 21:13:39.712 plugin-container[46782:996028] nil host used in call to allowsSpecificHTTPSCertificateForHost
2022-10-15 21:13:39.712 plugin-container[46782:996028] nil host used in call to allowsAnyHTTPSCertificateForHost:
2022-10-15 21:13:39.716 plugin-container[46782:996028] nil host used in call to allowsSpecificHTTPSCertificateForHost
2022-10-15 21:13:39.716 plugin-container[46782:996028] nil host used in call to allowsAnyHTTPSCertificateForHost:
2022-10-15 21:13:39.717 plugin-container[46782:996026] nil host used in call to allowsSpecificHTTPSCertificateForHost
2022-10-15 21:13:39.717 plugin-container[46782:996026] nil host used in call to allowsAnyHTTPSCertificateForHost:
1665843219723	Marionette	INFO	Marionette enabled
1665843219753	Marionette	INFO	Listening on port 64588
Read port: 64588
WebDriver BiDi listening on ws://127.0.0.1:64576
1665843220070	RemoteAgent	WARN	TLS certificate errors will be ignored for this session
console.warn: SearchSettings: "get: No settings file exists, new profile?" (new NotFoundError("Could not open the file at /var/folders/m7/368g6v5d01g4x7brwcqrgvg40000gn/T/rust_mozprofileY8eBZ9/search.json.mozlz4", (void 0)))
DevTools listening on ws://127.0.0.1:64576/devtools/browser/82123dda-8d45-474c-b493-7fbdb34a77d0
JavaScript error: https://media.ethicalads.io/media/client/v1.4.0/ethicalads.min.js, line 1: Error: No ad placements found.
JavaScript error: resource:///actors/FormValidationChild.jsm, line 183: TypeError: this._element is null
1665843252001	Marionette	INFO	Stopped listening on port 64588
1665843285743	geckodriver	INFO	Listening on 127.0.0.1:65193
1665843286143	mozrunner::runner	INFO	Running command: "/Applications/Firefox.app/Contents/MacOS/firefox-bin" "--marionette" "--remote-debugging-port" "65194" "--remote-allow-hosts" "localhost" "-foreground" "-no-remote" "-profile" "/var/folders/m7/368g6v5d01g4x7brwcqrgvg40000gn/T/rust_mozprofileGMvzaV"
2022-10-15 21:14:46.626 plugin-container[46821:996891] nil host used in call to allowsSpecificHTTPSCertificateForHost
2022-10-15 21:14:46.627 plugin-container[46821:996891] nil host used in call to allowsAnyHTTPSCertificateForHost:
2022-10-15 21:14:46.630 plugin-container[46821:996891] nil host used in call to allowsSpecificHTTPSCertificateForHost
2022-10-15 21:14:46.630 plugin-container[46821:996891] nil host used in call to allowsAnyHTTPSCertificateForHost:
2022-10-15 21:14:46.631 plugin-container[46821:996916] nil host used in call to allowsSpecificHTTPSCertificateForHost
2022-10-15 21:14:46.631 plugin-container[46821:996916] nil host used in call to allowsAnyHTTPSCertificateForHost:
1665843286639	Marionette	INFO	Marionette enabled
1665843286670	Marionette	INFO	Listening on port 65211
Read port: 65211
WebDriver BiDi listening on ws://127.0.0.1:65194
1665843286990	RemoteAgent	WARN	TLS certificate errors will be ignored for this session
console.warn: SearchSettings: "get: No settings file exists, new profile?" (new NotFoundError("Could not open the file at /var/folders/m7/368g6v5d01g4x7brwcqrgvg40000gn/T/rust_mozprofileGMvzaV/search.json.mozlz4", (void 0)))
DevTools listening on ws://127.0.0.1:65194/devtools/browser/7e11672d-32f2-4b54-a50d-6d3b760be125
JavaScript error: https://media.ethicalads.io/media/client/v1.4.0/ethicalads.min.js, line 1: Error: No ad placements found.
JavaScript error: resource:///actors/FormValidationChild.jsm, line 183: TypeError: this._element is null
1665843306395	geckodriver	INFO	Listening on 127.0.0.1:65497
1665843306813	mozrunner::runner	INFO	Running command: "/Applications/Firefox.app/Contents/MacOS/firefox-bin" "--marionette" "--remote-debugging-port" "65498" "--remote-allow-hosts" "localhost" "-foreground" "-no-remote" "-profile" "/var/folders/m7/368g6v5d01g4x7brwcqrgvg40000gn/T/rust_mozprofile176Jwn"
2022-10-15 21:15:07.376 plugin-container[46841:997343] nil host used in call to allowsSpecificHTTPSCertificateForHost
2022-10-15 21:15:07.377 plugin-container[46841:997343] nil host used in call to allowsAnyHTTPSCertificateForHost:
2022-10-15 21:15:07.380 plugin-container[46841:997343] nil host used in call to allowsSpecificHTTPSCertificateForHost
2022-10-15 21:15:07.380 plugin-container[46841:997343] nil host used in call to allowsAnyHTTPSCertificateForHost:
2022-10-15 21:15:07.381 plugin-container[46841:997348] nil host used in call to allowsSpecificHTTPSCertificateForHost
2022-10-15 21:15:07.381 plugin-container[46841:997348] nil host used in call to allowsAnyHTTPSCertificateForHost:
1665843307388	Marionette	INFO	Marionette enabled
1665843307424	Marionette	INFO	Listening on port 65522
Read port: 65522
WebDriver BiDi listening on ws://127.0.0.1:65498
1665843307761	RemoteAgent	WARN	TLS certificate errors will be ignored for this session
console.warn: SearchSettings: "get: No settings file exists, new profile?" (new NotFoundError("Could not open the file at /var/folders/m7/368g6v5d01g4x7brwcqrgvg40000gn/T/rust_mozprofile176Jwn/search.json.mozlz4", (void 0)))
DevTools listening on ws://127.0.0.1:65498/devtools/browser/cca25849-2def-409c-9ed5-0a16cc7526cb
JavaScript error: https://media.ethicalads.io/media/client/v1.4.0/ethicalads.min.js, line 1: Error: No ad placements found.
JavaScript error: resource:///actors/FormValidationChild.jsm, line 183: TypeError: this._element is null
1665843352092	geckodriver	INFO	Listening on 127.0.0.1:49775
1665843352504	mozrunner::runner	INFO	Running command: "/Applications/Firefox.app/Contents/MacOS/firefox-bin" "--marionette" "--remote-debugging-port" "49776" "--remote-allow-hosts" "localhost" "-foreground" "-no-remote" "-profile" "/var/folders/m7/368g6v5d01g4x7brwcqrgvg40000gn/T/rust_mozprofileZKlGvq"
2022-10-15 21:15:53.096 plugin-container[46864:997974] nil host used in call to allowsSpecificHTTPSCertificateForHost
2022-10-15 21:15:53.096 plugin-container[46864:997974] nil host used in call to allowsAnyHTTPSCertificateForHost:
2022-10-15 21:15:53.101 plugin-container[46864:997974] nil host used in call to allowsSpecificHTTPSCertificateForHost
1665843353107	Marionette	INFO	Marionette enabled
2022-10-15 21:15:53.111 plugin-container[46864:997974] nil host used in call to allowsAnyHTTPSCertificateForHost:
2022-10-15 21:15:53.112 plugin-container[46864:997972] nil host used in call to allowsSpecificHTTPSCertificateForHost
2022-10-15 21:15:53.112 plugin-container[46864:997972] nil host used in call to allowsAnyHTTPSCertificateForHost:
1665843353151	Marionette	INFO	Listening on port 49790
Read port: 49790
WebDriver BiDi listening on ws://127.0.0.1:49776
1665843353478	RemoteAgent	WARN	TLS certificate errors will be ignored for this session
console.warn: SearchSettings: "get: No settings file exists, new profile?" (new NotFoundError("Could not open the file at /var/folders/m7/368g6v5d01g4x7brwcqrgvg40000gn/T/rust_mozprofileZKlGvq/search.json.mozlz4", (void 0)))
1665843355057	Marionette	INFO	Stopped listening on port 65522
DevTools listening on ws://127.0.0.1:49776/devtools/browser/a7238b79-ba06-4b2c-b34e-ce261eefda87
JavaScript error: https://media.ethicalads.io/media/client/v1.4.0/ethicalads.min.js, line 1: Error: No ad placements found.
JavaScript error: resource:///actors/FormValidationChild.jsm, line 183: TypeError: this._element is null
1665843357353	Marionette	INFO	Stopped listening on port 65211
1665843528339	geckodriver	INFO	Listening on 127.0.0.1:50857
1665843528749	mozrunner::runner	INFO	Running command: "/Applications/Firefox.app/Contents/MacOS/firefox-bin" "--marionette" "--remote-debugging-port" "50858" "--remote-allow-hosts" "localhost" "-foreground" "-no-remote" "-profile" "/var/folders/m7/368g6v5d01g4x7brwcqrgvg40000gn/T/rust_mozprofileOlY7Sb"
2022-10-15 21:18:49.223 plugin-container[46922:999821] nil host used in call to allowsSpecificHTTPSCertificateForHost
2022-10-15 21:18:49.223 plugin-container[46922:999821] nil host used in call to allowsAnyHTTPSCertificateForHost:
2022-10-15 21:18:49.228 plugin-container[46922:999821] nil host used in call to allowsSpecificHTTPSCertificateForHost
2022-10-15 21:18:49.228 plugin-container[46922:999821] nil host used in call to allowsAnyHTTPSCertificateForHost:
2022-10-15 21:18:49.228 plugin-container[46922:999850] nil host used in call to allowsSpecificHTTPSCertificateForHost
2022-10-15 21:18:49.228 plugin-container[46922:999850] nil host used in call to allowsAnyHTTPSCertificateForHost:
1665843529235	Marionette	INFO	Marionette enabled
1665843529267	Marionette	INFO	Listening on port 50870
Read port: 50870
WebDriver BiDi listening on ws://127.0.0.1:50858
1665843529586	RemoteAgent	WARN	TLS certificate errors will be ignored for this session
console.warn: SearchSettings: "get: No settings file exists, new profile?" (new NotFoundError("Could not open the file at /var/folders/m7/368g6v5d01g4x7brwcqrgvg40000gn/T/rust_mozprofileOlY7Sb/search.json.mozlz4", (void 0)))
DevTools listening on ws://127.0.0.1:50858/devtools/browser/006bab20-40c8-4e11-817e-581dba407baa
JavaScript error: https://media.ethicalads.io/media/client/v1.4.0/ethicalads.min.js, line 1: Error: No ad placements found.
JavaScript error: resource:///actors/FormValidationChild.jsm, line 183: TypeError: this._element is null
1665843592741	geckodriver	INFO	Listening on 127.0.0.1:51490
1665843593156	mozrunner::runner	INFO	Running command: "/Applications/Firefox.app/Contents/MacOS/firefox-bin" "--marionette" "--remote-debugging-port" "51491" "--remote-allow-hosts" "localhost" "-foreground" "-no-remote" "-profile" "/var/folders/m7/368g6v5d01g4x7brwcqrgvg40000gn/T/rust_mozprofileKuMrpN"
2022-10-15 21:19:53.687 plugin-container[46952:1000905] nil host used in call to allowsSpecificHTTPSCertificateForHost
2022-10-15 21:19:53.687 plugin-container[46952:1000905] nil host used in call to allowsAnyHTTPSCertificateForHost:
2022-10-15 21:19:53.691 plugin-container[46952:1000905] nil host used in call to allowsSpecificHTTPSCertificateForHost
2022-10-15 21:19:53.691 plugin-container[46952:1000905] nil host used in call to allowsAnyHTTPSCertificateForHost:
2022-10-15 21:19:53.692 plugin-container[46952:1000908] nil host used in call to allowsSpecificHTTPSCertificateForHost
2022-10-15 21:19:53.692 plugin-container[46952:1000908] nil host used in call to allowsAnyHTTPSCertificateForHost:
1665843593718	Marionette	INFO	Marionette enabled
1665843593751	Marionette	INFO	Listening on port 51503
Read port: 51503
WebDriver BiDi listening on ws://127.0.0.1:51491
1665843594046	RemoteAgent	WARN	TLS certificate errors will be ignored for this session
console.warn: SearchSettings: "get: No settings file exists, new profile?" (new NotFoundError("Could not open the file at /var/folders/m7/368g6v5d01g4x7brwcqrgvg40000gn/T/rust_mozprofileKuMrpN/search.json.mozlz4", (void 0)))
1665843595610	Marionette	INFO	Stopped listening on port 49790
DevTools listening on ws://127.0.0.1:51491/devtools/browser/d689ba8e-8eea-4def-91e3-e300f4d236ef
JavaScript error: https://media.ethicalads.io/media/client/v1.4.0/ethicalads.min.js, line 1: Error: No ad placements found.
JavaScript error: resource:///actors/FormValidationChild.jsm, line 183: TypeError: this._element is null
1665843599137	Marionette	INFO	Stopped listening on port 50870
1665843609999	Marionette	INFO	Stopped listening on port 51503
1665843612088	geckodriver	INFO	Listening on 127.0.0.1:51754
1665843612500	mozrunner::runner	INFO	Running command: "/Applications/Firefox.app/Contents/MacOS/firefox-bin" "--marionette" "--remote-debugging-port" "51755" "--remote-allow-hosts" "localhost" "-foreground" "-no-remote" "-profile" "/var/folders/m7/368g6v5d01g4x7brwcqrgvg40000gn/T/rust_mozprofilevoOgHQ"
2022-10-15 21:20:12.973 plugin-container[46986:1001480] nil host used in call to allowsSpecificHTTPSCertificateForHost
2022-10-15 21:20:12.974 plugin-container[46986:1001480] nil host used in call to allowsAnyHTTPSCertificateForHost:
2022-10-15 21:20:12.977 plugin-container[46986:1001480] nil host used in call to allowsSpecificHTTPSCertificateForHost
2022-10-15 21:20:12.977 plugin-container[46986:1001480] nil host used in call to allowsAnyHTTPSCertificateForHost:
2022-10-15 21:20:12.977 plugin-container[46986:1001506] nil host used in call to allowsSpecificHTTPSCertificateForHost
2022-10-15 21:20:12.977 plugin-container[46986:1001506] nil host used in call to allowsAnyHTTPSCertificateForHost:
1665843612985	Marionette	INFO	Marionette enabled
1665843613015	Marionette	INFO	Listening on port 51767
Read port: 51767
WebDriver BiDi listening on ws://127.0.0.1:51755
1665843613343	RemoteAgent	WARN	TLS certificate errors will be ignored for this session
console.warn: SearchSettings: "get: No settings file exists, new profile?" (new NotFoundError("Could not open the file at /var/folders/m7/368g6v5d01g4x7brwcqrgvg40000gn/T/rust_mozprofilevoOgHQ/search.json.mozlz4", (void 0)))
DevTools listening on ws://127.0.0.1:51755/devtools/browser/a6b21292-9c34-4fec-afae-5a87157fc711
JavaScript error: https://media.ethicalads.io/media/client/v1.4.0/ethicalads.min.js, line 1: Error: No ad placements found.
JavaScript error: resource:///actors/FormValidationChild.jsm, line 183: TypeError: this._element is null
1665848165749	Marionette	INFO	Stopped listening on port 51767
1665888802785	geckodriver	INFO	Listening on 127.0.0.1:60311
1665888803152	mozrunner::runner	INFO	Running command: "/Applications/Firefox.app/Contents/MacOS/firefox-bin" "--marionette" "--remote-debugging-port" "60312" "--remote-allow-hosts" "localhost" "-foreground" "-no-remote" "-profile" "/var/folders/m7/368g6v5d01g4x7brwcqrgvg40000gn/T/rust_mozprofileXWCnCY"
1665888804052	Marionette	INFO	Marionette enabled
2022-10-16 09:53:24.079 plugin-container[51740:1142625] nil host used in call to allowsSpecificHTTPSCertificateForHost
2022-10-16 09:53:24.099 plugin-container[51740:1142625] nil host used in call to allowsAnyHTTPSCertificateForHost:
2022-10-16 09:53:24.117 plugin-container[51740:1142625] nil host used in call to allowsSpecificHTTPSCertificateForHost
2022-10-16 09:53:24.117 plugin-container[51740:1142625] nil host used in call to allowsAnyHTTPSCertificateForHost:
2022-10-16 09:53:24.118 plugin-container[51740:1142629] nil host used in call to allowsSpecificHTTPSCertificateForHost
2022-10-16 09:53:24.118 plugin-container[51740:1142629] nil host used in call to allowsAnyHTTPSCertificateForHost:
1665888804132	Marionette	INFO	Listening on port 60319
Read port: 60319
WebDriver BiDi listening on ws://127.0.0.1:60312
1665888804431	RemoteAgent	WARN	TLS certificate errors will be ignored for this session
console.warn: SearchSettings: "get: No settings file exists, new profile?" (new NotFoundError("Could not open the file at /var/folders/m7/368g6v5d01g4x7brwcqrgvg40000gn/T/rust_mozprofileXWCnCY/search.json.mozlz4", (void 0)))
DevTools listening on ws://127.0.0.1:60312/devtools/browser/8229e93f-d6b3-40c5-a999-915e47cda1bf
JavaScript error: https://media.ethicalads.io/media/client/v1.4.0/ethicalads.min.js, line 1: Error: No ad placements found.
JavaScript error: resource:///actors/FormValidationChild.jsm, line 183: TypeError: this._element is null
console.warn: LoginRecipes: "Falling back to a synchronous message for: https://www.python.org."
JavaScript error: https://media.ethicalads.io/media/client/v1.4.0/ethicalads.min.js, line 1: Error: No ad placements found.
JavaScript error: resource:///actors/FormValidationChild.jsm, line 183: TypeError: this._element is null
1665888809039	geckodriver	INFO	Listening on 127.0.0.1:60364
1665888809415	mozrunner::runner	INFO	Running command: "/Applications/Firefox.app/Contents/MacOS/firefox-bin" "--marionette" "--remote-debugging-port" "60365" "--remote-allow-hosts" "localhost" "-foreground" "-no-remote" "-profile" "/var/folders/m7/368g6v5d01g4x7brwcqrgvg40000gn/T/rust_mozprofilersvcKB"
2022-10-16 09:53:30.041 plugin-container[51760:1143014] nil host used in call to allowsSpecificHTTPSCertificateForHost
2022-10-16 09:53:30.042 plugin-container[51760:1143014] nil host used in call to allowsAnyHTTPSCertificateForHost:
2022-10-16 09:53:30.048 plugin-container[51760:1143014] nil host used in call to allowsSpecificHTTPSCertificateForHost
2022-10-16 09:53:30.048 plugin-container[51760:1143014] nil host used in call to allowsAnyHTTPSCertificateForHost:
2022-10-16 09:53:30.049 plugin-container[51760:1143020] nil host used in call to allowsSpecificHTTPSCertificateForHost
2022-10-16 09:53:30.049 plugin-container[51760:1143020] nil host used in call to allowsAnyHTTPSCertificateForHost:
1665888810058	Marionette	INFO	Marionette enabled
1665888810103	Marionette	INFO	Listening on port 60388
Read port: 60388
WebDriver BiDi listening on ws://127.0.0.1:60365
1665888810594	RemoteAgent	WARN	TLS certificate errors will be ignored for this session
console.warn: SearchSettings: "get: No settings file exists, new profile?" (new NotFoundError("Could not open the file at /var/folders/m7/368g6v5d01g4x7brwcqrgvg40000gn/T/rust_mozprofilersvcKB/search.json.mozlz4", (void 0)))
DevTools listening on ws://127.0.0.1:60365/devtools/browser/288278d6-cc24-4af5-bd29-3c041a88000d
JavaScript error: https://media.ethicalads.io/media/client/v1.4.0/ethicalads.min.js, line 1: Error: No ad placements found.
JavaScript error: resource:///actors/FormValidationChild.jsm, line 183: TypeError: this._element is null
1665888820054	Marionette	INFO	Stopped listening on port 60388
1665888894224	geckodriver	INFO	Listening on 127.0.0.1:60563
1665888894587	mozrunner::runner	INFO	Running command: "/Applications/Firefox.app/Contents/MacOS/firefox-bin" "--marionette" "--remote-debugging-port" "60564" "--remote-allow-hosts" "localhost" "-foreground" "-no-remote" "-profile" "/var/folders/m7/368g6v5d01g4x7brwcqrgvg40000gn/T/rust_mozprofileeVX0ju"
2022-10-16 09:54:55.220 plugin-container[51798:1144146] nil host used in call to allowsSpecificHTTPSCertificateForHost
2022-10-16 09:54:55.220 plugin-container[51798:1144146] nil host used in call to allowsAnyHTTPSCertificateForHost:
2022-10-16 09:54:55.225 plugin-container[51798:1144146] nil host used in call to allowsSpecificHTTPSCertificateForHost
2022-10-16 09:54:55.225 plugin-container[51798:1144146] nil host used in call to allowsAnyHTTPSCertificateForHost:
2022-10-16 09:54:55.226 plugin-container[51798:1144144] nil host used in call to allowsSpecificHTTPSCertificateForHost
2022-10-16 09:54:55.226 plugin-container[51798:1144144] nil host used in call to allowsAnyHTTPSCertificateForHost:
1665888895238	Marionette	INFO	Marionette enabled
1665888895282	Marionette	INFO	Listening on port 60573
Read port: 60573
WebDriver BiDi listening on ws://127.0.0.1:60564
1665888895745	RemoteAgent	WARN	TLS certificate errors will be ignored for this session
console.warn: SearchSettings: "get: No settings file exists, new profile?" (new NotFoundError("Could not open the file at /var/folders/m7/368g6v5d01g4x7brwcqrgvg40000gn/T/rust_mozprofileeVX0ju/search.json.mozlz4", (void 0)))
DevTools listening on ws://127.0.0.1:60564/devtools/browser/272892fc-64bc-4dc8-95c2-15d7dea87873
JavaScript error: https://media.ethicalads.io/media/client/v1.4.0/ethicalads.min.js, line 1: Error: No ad placements found.
JavaScript error: resource:///actors/FormValidationChild.jsm, line 183: TypeError: this._element is null
1665888910864	Marionette	INFO	Stopped listening on port 60573
1665888912676	Marionette	INFO	Stopped listening on port 60319
1665903771279	geckodriver	INFO	Listening on 127.0.0.1:56796
1665903771615	mozrunner::runner	INFO	Running command: "/Applications/Firefox.app/Contents/MacOS/firefox-bin" "--marionette" "--remote-debugging-port" "56797" "--remote-allow-hosts" "localhost" "-foreground" "-no-remote" "-profile" "/var/folders/m7/368g6v5d01g4x7brwcqrgvg40000gn/T/rust_mozprofilebqrIGb"
2022-10-16 14:02:52.502 plugin-container[54669:1240752] nil host used in call to allowsSpecificHTTPSCertificateForHost
2022-10-16 14:02:52.502 plugin-container[54669:1240752] nil host used in call to allowsAnyHTTPSCertificateForHost:
1665903772515	Marionette	INFO	Marionette enabled
2022-10-16 14:02:52.539 plugin-container[54669:1240752] nil host used in call to allowsSpecificHTTPSCertificateForHost
2022-10-16 14:02:52.539 plugin-container[54669:1240752] nil host used in call to allowsAnyHTTPSCertificateForHost:
2022-10-16 14:02:52.539 plugin-container[54669:1240758] nil host used in call to allowsSpecificHTTPSCertificateForHost
2022-10-16 14:02:52.539 plugin-container[54669:1240758] nil host used in call to allowsAnyHTTPSCertificateForHost:
1665903772589	Marionette	INFO	Listening on port 56820
Read port: 56820
WebDriver BiDi listening on ws://127.0.0.1:56797
1665903773041	RemoteAgent	WARN	TLS certificate errors will be ignored for this session
console.warn: SearchSettings: "get: No settings file exists, new profile?" (new NotFoundError("Could not open the file at /var/folders/m7/368g6v5d01g4x7brwcqrgvg40000gn/T/rust_mozprofilebqrIGb/search.json.mozlz4", (void 0)))
DevTools listening on ws://127.0.0.1:56797/devtools/browser/23e45b4f-0868-44a1-aa15-8c3f28933829
JavaScript error: https://media.ethicalads.io/media/client/v1.4.0/ethicalads.min.js, line 1: Error: No ad placements found.
JavaScript error: resource:///actors/FormValidationChild.jsm, line 183: TypeError: this._element is null
1665903797994	geckodriver	INFO	Listening on 127.0.0.1:57340
1665903798370	mozrunner::runner	INFO	Running command: "/Applications/Firefox.app/Contents/MacOS/firefox-bin" "--marionette" "--remote-debugging-port" "57341" "--remote-allow-hosts" "localhost" "-foreground" "-no-remote" "-profile" "/var/folders/m7/368g6v5d01g4x7brwcqrgvg40000gn/T/rust_mozprofilesmggEc"
2022-10-16 14:03:19.007 plugin-container[54698:1241367] nil host used in call to allowsSpecificHTTPSCertificateForHost
2022-10-16 14:03:19.007 plugin-container[54698:1241367] nil host used in call to allowsAnyHTTPSCertificateForHost:
2022-10-16 14:03:19.013 plugin-container[54698:1241367] nil host used in call to allowsSpecificHTTPSCertificateForHost
2022-10-16 14:03:19.013 plugin-container[54698:1241367] nil host used in call to allowsAnyHTTPSCertificateForHost:
2022-10-16 14:03:19.013 plugin-container[54698:1241395] nil host used in call to allowsSpecificHTTPSCertificateForHost
2022-10-16 14:03:19.013 plugin-container[54698:1241395] nil host used in call to allowsAnyHTTPSCertificateForHost:
1665903799024	Marionette	INFO	Marionette enabled
1665903799069	Marionette	INFO	Listening on port 57379
Read port: 57379
WebDriver BiDi listening on ws://127.0.0.1:57341
1665903799535	RemoteAgent	WARN	TLS certificate errors will be ignored for this session
console.warn: SearchSettings: "get: No settings file exists, new profile?" (new NotFoundError("Could not open the file at /var/folders/m7/368g6v5d01g4x7brwcqrgvg40000gn/T/rust_mozprofilesmggEc/search.json.mozlz4", (void 0)))
DevTools listening on ws://127.0.0.1:57341/devtools/browser/cc6faa2f-85b1-487f-94b9-87ae34680c95
JavaScript error: https://media.ethicalads.io/media/client/v1.4.0/ethicalads.min.js, line 1: Error: No ad placements found.
JavaScript error: resource:///actors/FormValidationChild.jsm, line 183: TypeError: this._element is null
1665903828032	Marionette	INFO	Stopped listening on port 57379
1665903829735	Marionette	INFO	Stopped listening on port 56820
1665903832475	geckodriver	INFO	Listening on 127.0.0.1:57866
1665903832844	mozrunner::runner	INFO	Running command: "/Applications/Firefox.app/Contents/MacOS/firefox-bin" "--marionette" "--remote-debugging-port" "57867" "--remote-allow-hosts" "localhost" "-foreground" "-no-remote" "-profile" "/var/folders/m7/368g6v5d01g4x7brwcqrgvg40000gn/T/rust_mozprofileEkmwHs"
2022-10-16 14:03:53.496 plugin-container[54735:1242029] nil host used in call to allowsSpecificHTTPSCertificateForHost
2022-10-16 14:03:53.496 plugin-container[54735:1242029] nil host used in call to allowsAnyHTTPSCertificateForHost:
2022-10-16 14:03:53.500 plugin-container[54735:1242029] nil host used in call to allowsSpecificHTTPSCertificateForHost
2022-10-16 14:03:53.500 plugin-container[54735:1242029] nil host used in call to allowsAnyHTTPSCertificateForHost:
2022-10-16 14:03:53.501 plugin-container[54735:1242027] nil host used in call to allowsSpecificHTTPSCertificateForHost
2022-10-16 14:03:53.501 plugin-container[54735:1242027] nil host used in call to allowsAnyHTTPSCertificateForHost:
1665903833516	Marionette	INFO	Marionette enabled
1665903833561	Marionette	INFO	Listening on port 57876
Read port: 57876
WebDriver BiDi listening on ws://127.0.0.1:57867
1665903834015	RemoteAgent	WARN	TLS certificate errors will be ignored for this session
console.warn: SearchSettings: "get: No settings file exists, new profile?" (new NotFoundError("Could not open the file at /var/folders/m7/368g6v5d01g4x7brwcqrgvg40000gn/T/rust_mozprofileEkmwHs/search.json.mozlz4", (void 0)))
DevTools listening on ws://127.0.0.1:57867/devtools/browser/c262ed1b-a1ac-4faa-9f02-d2a4f37b6495
JavaScript error: https://media.ethicalads.io/media/client/v1.4.0/ethicalads.min.js, line 1: Error: No ad placements found.
JavaScript error: resource:///actors/FormValidationChild.jsm, line 183: TypeError: this._element is null
1665904268695	Marionette	INFO	Stopped listening on port 57876
